<?xml version="1.0" encoding="UTF-8"?>
<!-- Generated by org.testng.reporters.JUnitReportReporter -->
<testsuite skipped="0" hostname="smart" name="com.smartsense.fx.PaymentCheckAfterLogin" tests="4" failures="0" timestamp="25 Aug 2017 11:11:04 GMT" time="255.642" errors="0">
  <testcase name="addNewPackagePaymentPage" time="98.799" classname="com.smartsense.fx.PaymentCheckAfterLogin"/>
  <testcase name="loginPage" time="11.916" classname="com.smartsense.fx.PaymentCheckAfterLogin"/>
  <testcase name="testPaymentOnTheHomePage" time="75.207" classname="com.smartsense.fx.PaymentCheckAfterLogin"/>
  <testcase name="renewPackagePaymentTest" time="69.720" classname="com.smartsense.fx.PaymentCheckAfterLogin"/>
</testsuite> <!-- com.smartsense.fx.PaymentCheckAfterLogin -->
