<?xml version="1.0" encoding="UTF-8"?>
<!-- Generated by org.testng.reporters.JUnitReportReporter -->
<testsuite skipped="0" hostname="smart" name="com.smartsense.fx.FAQTest" tests="6" failures="0" timestamp="23 Aug 2017 04:00:01 GMT" time="273.046" errors="0">
  <testcase name="testAdminAddFAQ" time="25.448" classname="com.smartsense.fx.FAQTest"/>
  <testcase name="testCustomerFAQAfterDelete" time="45.066" classname="com.smartsense.fx.FAQTest"/>
  <testcase name="testAdminLogin" time="1.248" classname="com.smartsense.fx.FAQTest"/>
  <testcase name="testCustomerFAQAfterAdd" time="45.487" classname="com.smartsense.fx.FAQTest"/>
  <testcase name="testAdminEnableDisableFAQ" time="128.439" classname="com.smartsense.fx.FAQTest"/>
  <testcase name="testAdminDeleteFAQ" time="27.358" classname="com.smartsense.fx.FAQTest"/>
</testsuite> <!-- com.smartsense.fx.FAQTest -->
