<?xml version="1.0" encoding="UTF-8"?>
<!-- Generated by org.testng.reporters.JUnitReportReporter -->
<testsuite skipped="0" hostname="smart" name="com.smartsense.fx.random" tests="1" failures="0" timestamp="21 Aug 2017 05:11:53 GMT" time="26.448" errors="0">
  <testcase name="testRandom" time="26.448" classname="com.smartsense.fx.random"/>
</testsuite> <!-- com.smartsense.fx.random -->
