<?xml version="1.0" encoding="UTF-8"?>
<!-- Generated by org.testng.reporters.JUnitReportReporter -->
<testsuite skipped="0" hostname="smart" name="com.smartsense.fx.SubscriptionPackage" tests="3" failures="0" timestamp="23 Aug 2017 04:00:01 GMT" time="96.416" errors="0">
  <testcase name="testAdminLogin" time="2.804" classname="com.smartsense.fx.SubscriptionPackage"/>
  <testcase name="testEnableDisableSubscription" time="25.813" classname="com.smartsense.fx.SubscriptionPackage"/>
  <testcase name="testAfterDisableAtCustomer" time="67.799" classname="com.smartsense.fx.SubscriptionPackage"/>
</testsuite> <!-- com.smartsense.fx.SubscriptionPackage -->
