<?xml version="1.0" encoding="UTF-8"?>
<!-- Generated by org.testng.reporters.JUnitReportReporter -->
<testsuite skipped="0" hostname="smart" name="com.smartsense.fx.PaymentPageTest" tests="1" failures="0" timestamp="25 Aug 2017 04:53:46 GMT" time="31.484" errors="0">
  <testcase name="testSignUpPayment" time="31.484" classname="com.smartsense.fx.PaymentPageTest"/>
</testsuite> <!-- com.smartsense.fx.PaymentPageTest -->
