<?xml version="1.0" encoding="UTF-8"?>
<!-- Generated by org.testng.reporters.JUnitReportReporter -->
<testsuite skipped="0" hostname="smart" name="com.smartsense.fx.LoginPageTest" tests="1" failures="0" timestamp="23 Aug 2017 04:00:01 GMT" time="9.541" errors="0">
  <testcase name="loginPageTest" time="9.541" classname="com.smartsense.fx.LoginPageTest"/>
</testsuite> <!-- com.smartsense.fx.LoginPageTest -->
