<?xml version="1.0" encoding="UTF-8"?>
<!-- Generated by org.testng.reporters.JUnitReportReporter -->
<testsuite skipped="0" hostname="smart" name="com.smartsense.fx.UserTest" tests="2" failures="0" timestamp="23 Aug 2017 10:03:28 GMT" time="31.896" errors="0">
  <testcase name="testEditUser" time="29.089" classname="com.smartsense.fx.UserTest"/>
  <testcase name="testAdminLogin" time="2.807" classname="com.smartsense.fx.UserTest"/>
</testsuite> <!-- com.smartsense.fx.UserTest -->
