<?xml version="1.0" encoding="UTF-8"?>
<!-- Generated by org.testng.reporters.JUnitReportReporter -->
<testsuite skipped="0" hostname="smart" name="com.smartsense.fx.LatestNewsTest" tests="9" failures="0" timestamp="23 Aug 2017 06:02:53 GMT" time="135.201" errors="0">
  <testcase name="testEnableLatestNews" time="15.602" classname="com.smartsense.fx.LatestNewsTest"/>
  <testcase name="addLatestNews" time="39.398" classname="com.smartsense.fx.LatestNewsTest"/>
  <testcase name="testAfterEnableCustomerSide" time="6.607" classname="com.smartsense.fx.LatestNewsTest"/>
  <testcase name="afterDeleteLatestNewsAdminSide" time="11.039" classname="com.smartsense.fx.LatestNewsTest"/>
  <testcase name="testDisableLatestNews" time="15.531" classname="com.smartsense.fx.LatestNewsTest"/>
  <testcase name="testAfterDisableInCustomerSide" time="5.936" classname="com.smartsense.fx.LatestNewsTest"/>
  <testcase name="testAdminLogin" time="2.807" classname="com.smartsense.fx.LatestNewsTest"/>
  <testcase name="testCustomerSideForLatestestNews" time="6.654" classname="com.smartsense.fx.LatestNewsTest"/>
  <testcase name="deleteLatestNewsAdminSide" time="31.627" classname="com.smartsense.fx.LatestNewsTest"/>
</testsuite> <!-- com.smartsense.fx.LatestNewsTest -->
