<?xml version="1.0" encoding="UTF-8"?>
<!-- Generated by org.testng.reporters.JUnitReportReporter -->
<testsuite skipped="0" hostname="smart" name="com.smartsense.fx.dummy" tests="2" failures="0" timestamp="30 Aug 2017 04:31:14 GMT" time="23.557" errors="0">
  <testcase name="addTradingGuide" time="20.959" classname="com.smartsense.fx.dummy"/>
  <testcase name="testAdminLogin" time="2.598" classname="com.smartsense.fx.dummy"/>
</testsuite> <!-- com.smartsense.fx.dummy -->
