<?xml version="1.0" encoding="UTF-8"?>
<!-- Generated by org.testng.reporters.JUnitReportReporter -->
<testsuite skipped="0" hostname="smart" name="com.smartsense.fx.CustomerHomePageTest" tests="2" failures="0" timestamp="23 Aug 2017 04:00:01 GMT" time="6.883" errors="0">
  <testcase name="testWhyUs" time="1.207" classname="com.smartsense.fx.CustomerHomePageTest"/>
  <testcase name="testWhatWeDo" time="5.676" classname="com.smartsense.fx.CustomerHomePageTest"/>
</testsuite> <!-- com.smartsense.fx.CustomerHomePageTest -->
