<?xml version="1.0" encoding="UTF-8"?>
<!-- Generated by org.testng.reporters.JUnitReportReporter -->
<testsuite skipped="0" hostname="smart" name="com.smartsense.fx.ForgotPasswordTest" tests="2" failures="0" timestamp="25 Aug 2017 06:45:13 GMT" time="32.555" errors="0">
  <testcase name="forgetPasswordTest" time="16.233" classname="com.smartsense.fx.ForgotPasswordTest"/>
  <testcase name="readEmail" time="16.322" classname="com.smartsense.fx.ForgotPasswordTest"/>
</testsuite> <!-- com.smartsense.fx.ForgotPasswordTest -->
