<?xml version="1.0" encoding="UTF-8"?>
<!-- Generated by org.testng.reporters.JUnitReportReporter -->
<testsuite skipped="0" hostname="smart" name="com.smartsense.fx.CouponCodeTest" tests="7" failures="0" timestamp="23 Aug 2017 04:00:01 GMT" time="372.014" errors="0">
  <testcase name="testAdminLogin" time="7.792" classname="com.smartsense.fx.CouponCodeTest"/>
  <testcase name="readEmail" time="10.376" classname="com.smartsense.fx.CouponCodeTest"/>
  <testcase name="testAfterLoginForCouponCode" time="124.418" classname="com.smartsense.fx.CouponCodeTest"/>
  <testcase name="addCouponCodeErrors" time="45.814" classname="com.smartsense.fx.CouponCodeTest"/>
  <testcase name="addPeopleCouponCode" time="56.015" classname="com.smartsense.fx.CouponCodeTest"/>
  <testcase name="testCustomerForCouponCode" time="40.239" classname="com.smartsense.fx.CouponCodeTest"/>
  <testcase name="addCouponCode" time="87.360" classname="com.smartsense.fx.CouponCodeTest"/>
</testsuite> <!-- com.smartsense.fx.CouponCodeTest -->
